TN:
SF:ArrayMethodTask.js
FN:1,greaterThanOrEqualTo70
FN:5,add10To
FN:9,squareOfEachNumber
FN:13,bookDistribution
FNF:4
FNH:4
FNDA:1,greaterThanOrEqualTo70
FNDA:1,add10To
FNDA:1,squareOfEachNumber
FNDA:1,bookDistribution
DA:1,1
DA:2,1
DA:3,1
DA:4,1
DA:5,1
DA:6,1
DA:7,1
DA:8,1
DA:9,1
DA:10,1
DA:11,1
DA:12,1
DA:13,1
DA:14,1
DA:15,1
DA:16,4
DA:17,1
DA:18,1
DA:19,1
DA:20,1
DA:21,1
DA:22,1
DA:23,1
LF:23
LH:23
BRDA:1,0,0,1
BRDA:2,1,0,7
BRDA:5,2,0,1
BRDA:6,3,0,7
BRDA:9,4,0,1
BRDA:10,5,0,6
BRDA:13,6,0,1
BRDA:15,7,0,4
BRF:8
BRH:8
end_of_record
TN:
SF:ObjectTask1.js
FN:1,getStudentName
FN:6,secondCourse
FN:11,getZipAddress
FN:16,updateAge
FN:21,addGpaValue
FN:26,getDetails
FNF:6
FNH:6
FNDA:1,getStudentName
FNDA:1,secondCourse
FNDA:1,getZipAddress
FNDA:1,updateAge
FNDA:1,addGpaValue
FNDA:1,getDetails
DA:1,1
DA:2,1
DA:3,1
DA:4,1
DA:5,1
DA:6,1
DA:7,1
DA:8,1
DA:9,1
DA:10,1
DA:11,1
DA:12,1
DA:13,1
DA:14,1
DA:15,1
DA:16,1
DA:17,1
DA:18,1
DA:19,1
DA:20,1
DA:21,1
DA:22,1
DA:23,1
DA:24,1
DA:25,1
DA:26,1
DA:27,1
DA:28,1
DA:29,1
DA:30,1
DA:31,1
LF:31
LH:31
BRDA:1,0,0,1
BRDA:6,1,0,1
BRDA:11,2,0,1
BRDA:16,3,0,1
BRDA:21,4,0,1
BRDA:26,5,0,1
BRF:6
BRH:6
end_of_record
TN:
SF:account.js
FN:6,deposit
FN:17,withdraw
FN:31,printBalance
FNF:3
FNH:3
FNDA:2,deposit
FNDA:2,withdraw
FNDA:1,printBalance
DA:1,1
DA:2,1
DA:3,1
DA:4,1
DA:5,1
DA:6,2
DA:7,2
DA:8,1
DA:9,1
DA:10,1
DA:11,1
DA:12,1
DA:13,1
DA:14,1
DA:15,1
DA:16,1
DA:17,2
DA:18,2
DA:19,0
DA:20,0
DA:21,2
DA:22,1
DA:23,1
DA:24,1
DA:25,1
DA:26,1
DA:27,1
DA:28,1
DA:29,1
DA:30,1
DA:31,1
DA:32,1
DA:33,1
DA:34,1
DA:35,1
DA:36,1
LF:36
LH:34
BRDA:6,0,0,2
BRDA:7,1,0,1
BRDA:17,2,0,2
BRDA:18,3,0,0
BRDA:21,4,0,1
BRDA:31,5,0,1
BRF:6
BRH:5
end_of_record
TN:
SF:index.js
FN:2,getDoubledNumbers
FN:11,getEvenNumbers
FN:21,addThreeToEachElement
FN:28,getOddNumbers
FN:32,getWordsGreaterThanFourLetters
FN:36,getStudents
FNF:6
FNH:6
FNDA:1,getDoubledNumbers
FNDA:1,getEvenNumbers
FNDA:1,addThreeToEachElement
FNDA:1,getOddNumbers
FNDA:1,getWordsGreaterThanFourLetters
FNDA:1,getStudents
DA:1,1
DA:2,1
DA:3,1
DA:4,1
DA:5,6
DA:6,6
DA:7,1
DA:8,1
DA:9,1
DA:10,1
DA:11,1
DA:12,1
DA:13,1
DA:14,6
DA:15,3
DA:16,6
DA:17,1
DA:18,1
DA:19,1
DA:20,1
DA:21,1
DA:22,1
DA:23,1
DA:24,1
DA:25,1
DA:26,1
DA:27,1
DA:28,1
DA:29,1
DA:30,1
DA:31,1
DA:32,1
DA:33,1
DA:34,1
DA:35,1
DA:36,1
DA:37,1
DA:38,1
DA:39,1
DA:40,1
DA:41,1
DA:42,1
DA:43,1
DA:44,1
DA:45,1
DA:46,1
DA:47,1
DA:48,1
LF:48
LH:48
BRDA:2,0,0,1
BRDA:4,1,0,6
BRDA:11,2,0,1
BRDA:13,3,0,6
BRDA:14,4,0,3
BRDA:21,5,0,1
BRDA:22,6,0,6
BRDA:28,7,0,1
BRDA:29,8,0,6
BRDA:32,9,0,1
BRDA:33,10,0,5
BRDA:36,11,0,1
BRDA:37,12,0,4
BRF:13
BRH:13
end_of_record
