TN:
SF:ArrayMethodTask.js
FN:1,greaterThanOrEqualTo70
FN:5,add10To
FN:9,squareOfEachNumber
FN:13,bookDistribution
FNF:4
FNH:4
FNDA:1,greaterThanOrEqualTo70
FNDA:1,add10To
FNDA:1,squareOfEachNumber
FNDA:1,bookDistribution
DA:1,1
DA:2,1
DA:3,1
DA:4,1
DA:5,1
DA:6,1
DA:7,1
DA:8,1
DA:9,1
DA:10,1
DA:11,1
DA:12,1
DA:13,1
DA:14,1
DA:15,1
DA:16,4
DA:17,1
DA:18,1
DA:19,1
DA:20,1
DA:21,1
DA:22,1
DA:23,1
LF:23
LH:23
BRDA:1,0,0,1
BRDA:2,1,0,7
BRDA:5,2,0,1
BRDA:6,3,0,7
BRDA:9,4,0,1
BRDA:10,5,0,6
BRDA:13,6,0,1
BRDA:15,7,0,4
BRF:8
BRH:8
end_of_record
TN:
SF:ObjectTask1.js
FN:1,getStudentName
FN:6,secondCourse
FN:11,getZipAddress
FN:16,updateAge
FN:21,addGpaValue
FN:26,getDetails
FNF:6
FNH:6
FNDA:1,getStudentName
FNDA:1,secondCourse
FNDA:1,getZipAddress
FNDA:1,updateAge
FNDA:1,addGpaValue
FNDA:1,getDetails
DA:1,1
DA:2,1
DA:3,1
DA:4,1
DA:5,1
DA:6,1
DA:7,1
DA:8,1
DA:9,1
DA:10,1
DA:11,1
DA:12,1
DA:13,1
DA:14,1
DA:15,1
DA:16,1
DA:17,1
DA:18,1
DA:19,1
DA:20,1
DA:21,1
DA:22,1
DA:23,1
DA:24,1
DA:25,1
DA:26,1
DA:27,1
DA:28,1
DA:29,1
DA:30,1
DA:31,1
LF:31
LH:31
BRDA:1,0,0,1
BRDA:6,1,0,1
BRDA:11,2,0,1
BRDA:16,3,0,1
BRDA:21,4,0,1
BRDA:26,5,0,1
BRF:6
BRH:6
end_of_record
TN:
SF:SmallestDivisor.js
FN:1,findNumberDivisor
FN:11,findSmallestCommonDivisor
FNF:2
FNH:2
FNDA:10,findNumberDivisor
FNDA:3,findSmallestCommonDivisor
DA:1,10
DA:2,10
DA:3,10
DA:4,92
DA:5,36
DA:6,36
DA:7,92
DA:8,10
DA:9,10
DA:10,1
DA:11,3
DA:12,3
DA:13,3
DA:14,6
DA:15,6
DA:16,6
DA:17,6
DA:18,6
DA:19,1
DA:20,1
LF:20
LH:20
BRDA:1,0,0,10
BRDA:3,1,0,92
BRDA:4,2,0,36
BRDA:11,3,0,3
BRDA:13,4,0,6
BRDA:15,5,0,14
BRF:6
BRH:6
end_of_record
TN:
SF:account.js
FN:6,deposit
FN:17,withdraw
FN:31,printBalance
FNF:3
FNH:3
FNDA:2,deposit
FNDA:3,withdraw
FNDA:1,printBalance
DA:1,1
DA:2,1
DA:3,1
DA:4,1
DA:5,1
DA:6,2
DA:7,2
DA:8,1
DA:9,1
DA:10,1
DA:11,1
DA:12,1
DA:13,1
DA:14,1
DA:15,1
DA:16,1
DA:17,3
DA:18,3
DA:19,1
DA:20,1
DA:21,3
DA:22,1
DA:23,1
DA:24,1
DA:25,1
DA:26,1
DA:27,1
DA:28,1
DA:29,1
DA:30,1
DA:31,1
DA:32,1
DA:33,1
DA:34,1
DA:35,1
DA:36,1
LF:36
LH:36
BRDA:6,0,0,2
BRDA:7,1,0,1
BRDA:17,2,0,3
BRDA:18,3,0,1
BRDA:20,4,0,2
BRDA:21,5,0,1
BRDA:31,6,0,1
BRF:7
BRH:7
end_of_record
TN:
SF:index.js
FN:2,getDoubledNumbers
FN:11,getEvenNumbers
FN:21,addThreeToEachElement
FN:27,getOddNumbers
FN:31,getWordsGreaterThanFourLetters
FN:35,getStudents
FN:39,evenAndOddNumberReplacement
FNF:7
FNH:7
FNDA:1,getDoubledNumbers
FNDA:1,getEvenNumbers
FNDA:1,addThreeToEachElement
FNDA:1,getOddNumbers
FNDA:1,getWordsGreaterThanFourLetters
FNDA:1,getStudents
FNDA:1,evenAndOddNumberReplacement
DA:1,1
DA:2,1
DA:3,1
DA:4,1
DA:5,6
DA:6,6
DA:7,1
DA:8,1
DA:9,1
DA:10,1
DA:11,1
DA:12,1
DA:13,1
DA:14,6
DA:15,3
DA:16,6
DA:17,1
DA:18,1
DA:19,1
DA:20,1
DA:21,1
DA:22,1
DA:23,1
DA:24,1
DA:25,1
DA:26,1
DA:27,1
DA:28,1
DA:29,1
DA:30,1
DA:31,1
DA:32,1
DA:33,1
DA:34,1
DA:35,1
DA:36,1
DA:37,1
DA:38,1
DA:39,1
DA:40,1
DA:41,1
DA:42,7
DA:43,5
DA:44,7
DA:45,2
DA:46,2
DA:47,1
DA:48,1
DA:49,1
DA:50,1
DA:51,1
DA:52,1
DA:53,1
DA:54,1
DA:55,1
DA:56,1
DA:57,1
DA:58,1
DA:59,1
DA:60,1
LF:60
LH:60
BRDA:2,0,0,1
BRDA:4,1,0,6
BRDA:11,2,0,1
BRDA:13,3,0,6
BRDA:14,4,0,3
BRDA:21,5,0,1
BRDA:22,6,0,6
BRDA:27,7,0,1
BRDA:28,8,0,6
BRDA:31,9,0,1
BRDA:32,10,0,5
BRDA:35,11,0,1
BRDA:36,12,0,4
BRDA:39,13,0,1
BRDA:41,14,0,7
BRDA:42,15,0,5
BRDA:44,16,0,2
BRF:17
BRH:17
end_of_record
